<?xml version="1.0" encoding="UTF-8"?>
<testng-results ignored="0" total="1" passed="1" failed="0" skipped="0">
  <reporter-output>
  </reporter-output>
  <suite started-at="2023-06-28T02:04:05Z" name="Default suite" finished-at="2023-06-28T02:04:24Z" duration-ms="18405">
    <groups>
    </groups>
    <test started-at="2023-06-28T02:04:05Z" name="Default test" finished-at="2023-06-28T02:04:24Z" duration-ms="18405">
      <class name="code15thfeb.RediffRecording">
        <test-method signature="learningrecording()[pri:0, instance:code15thfeb.RediffRecording@5ddf0d24]" started-at="2023-06-28T02:04:05Z" name="learningrecording" finished-at="2023-06-28T02:04:24Z" duration-ms="18394" status="PASS">
          <reporter-output>
          </reporter-output>
        </test-method> <!-- learningrecording -->
      </class> <!-- code15thfeb.RediffRecording -->
    </test> <!-- Default test -->
  </suite> <!-- Default suite -->
</testng-results>
